This is pdfTeX, Version 3.1415926-1.40.10 (MiKTeX 2.8) (preloaded format=pdflatex 2012.6.3)  9 JUL 2012 19:16
entering extended mode
**D:/TCC/TCC-Latex/Texto.tex
(D:/TCC/TCC-Latex/Texto.tex
LaTeX2e <2011/06/27>
Babel <v3.8m> and hyphenation patterns for english, dumylang, nohyphenation, german, ngerman, german-x-2009-06-19, ngerm
an-x-2009-06-19, french, portuguese, loaded.
\@indexfile=\write3
Writing index file Texto.idx
("D:\Programas\MiKTeX 2.8\tex\latex\abntex\abnt.cls" ("D:\Programas\MiKTeX 2.8\tex\latex\abntex\cvs-id.def")
Document Class: abnt 2006/09/09 v1.32 Classe abnt (NBR6024, NBR6027, NBR6028, NBR14724)
("D:\Programas\MiKTeX 2.8\tex\latex\base\ifthen.sty"
Package: ifthen 2001/05/26 v1.1c Standard LaTeX ifthen package (DPC)
) ("D:\Programas\MiKTeX 2.8\tex\latex\tools\calc.sty"
Package: calc 2007/08/22 v4.3 Infix arithmetic (KKT,FJ)
\calc@Acount=\count79
\calc@Bcount=\count80
\calc@Adimen=\dimen102
\calc@Bdimen=\dimen103
\calc@Askip=\skip41
\calc@Bskip=\skip42
LaTeX Info: Redefining \setlength on input line 76.
LaTeX Info: Redefining \addtolength on input line 77.
\calc@Ccount=\count81
\calc@Cskip=\skip43
)
("D:\Programas\MiKTeX 2.8\tex\latex\tools\multicol.sty"
Package: multicol 2011/06/27 v1.7a multicolumn formatting (FMi)
\c@tracingmulticols=\count82
\mult@box=\box26
\multicol@leftmargin=\dimen104
\c@unbalance=\count83
\c@collectmore=\count84
\doublecol@number=\count85
\multicoltolerance=\count86
\multicolpretolerance=\count87
\full@width=\dimen105
\page@free=\dimen106
\premulticols=\dimen107
\postmulticols=\dimen108
\multicolsep=\skip44
\multicolbaselineskip=\skip45
\partial@page=\box27
\last@line=\box28
\mult@rightbox=\box29
\mult@grightbox=\box30
\mult@gfirstbox=\box31
\mult@firstbox=\box32
\@tempa=\box33
\@tempa=\box34
\@tempa=\box35
\@tempa=\box36
\@tempa=\box37
\@tempa=\box38
\@tempa=\box39
\@tempa=\box40
\@tempa=\box41
\@tempa=\box42
\@tempa=\box43
\@tempa=\box44
\@tempa=\box45
\@tempa=\box46
\@tempa=\box47
\@tempa=\box48
\@tempa=\box49
\c@columnbadness=\count88
\c@finalcolumnbadness=\count89
\last@try=\dimen109
\multicolovershoot=\dimen110
\multicolundershoot=\dimen111
\mult@nat@firstbox=\box50
\colbreak@box=\box51
\multicol@sort@counter=\count90
) ("D:\Programas\MiKTeX 2.8\tex\latex\abntex\abntex-abrev.sty"
("D:\Programas\MiKTeX 2.8\tex\latex\abntex\cvs-id.def")
Package: abntex-abrev 2005/11/14 v1.4 Abreviacoes
 ("D:\Programas\MiKTeX 2.8\tex\latex\abntex\nbr10522-1988.def"
("D:\Programas\MiKTeX 2.8\tex\latex\abntex\cvs-id.def")
File: nbr10522-1988.def 2003/10/13 v1.2 Abreviacoes bibliograficas (NBR10522:1988)
)
("D:\Programas\MiKTeX 2.8\tex\latex\abntex\abntex-abrev-pt_BR.def" ("D:\Programas\MiKTeX 2.8\tex\latex\abntex\cvs-id.def
")
File: abntex-abrev-pt_BR.def 2005/11/14 v1.3 definicao de abntex-abrev, traducao de termos en_US/pt_BR
)) ("D:\Programas\MiKTeX 2.8\tex\latex\abntex\abntex-text.sty" ("D:\Programas\MiKTeX 2.8\tex\latex\abntex\cvs-id.def")
Package: abntex-text 2005/11/14 v1.1 abnTeX text replacements
("D:\Programas\MiKTeX 2.8\tex\latex\abntex\abntex-text-pt_BR.def" ("D:\Programas\MiKTeX 2.8\tex\latex\abntex\cvs-id.def"
)
File: abntex-text-pt_BR.def 2005/12/21 v1.2 Definicao de nomes em Portugues/Brasil (pt_BR)
)) ("D:\Programas\MiKTeX 2.8\tex\latex\abntex\abntex-default-design.sty"
("D:\Programas\MiKTeX 2.8\tex\latex\abntex\cvs-id.def")
Package: abntex-default-design 2005/06/22 v1.2 Definicoes de design padrao do abntex
 ("D:\Programas\MiKTeX 2.8\tex\latex\ltxmisc\relsize.sty"
Package: relsize 2003/07/04 ver 3.1


Package relsize Warning: Failed to get list of font sizes.
(relsize)                Falling back to old definition. on input line 81.

)
\ABNTanapindent=\skip46
\ABNTsignwidth=\skip47
\ABNTsignthickness=\skip48
\ABNTsignskip=\skip49
) ("D:\Programas\MiKTeX 2.8\tex\latex\abntex\nbr6027-1989.def")
("D:\Programas\MiKTeX 2.8\tex\latex\abntex\nbr14724-2001.def") ("D:\Programas\MiKTeX 2.8\tex\latex\base\report.cls"
Document Class: report 2007/10/19 v1.4h Standard LaTeX document class
("D:\Programas\MiKTeX 2.8\tex\latex\base\size12.clo"
File: size12.clo 2007/10/19 v1.4h Standard LaTeX file (size option)
)
\c@part=\count91
\c@chapter=\count92
\c@section=\count93
\c@subsection=\count94
\c@subsubsection=\count95
\c@paragraph=\count96
\c@subparagraph=\count97
\c@figure=\count98
\c@table=\count99
\abovecaptionskip=\skip50
\belowcaptionskip=\skip51
\bibindent=\dimen112
) ("D:\Programas\MiKTeX 2.8\tex\latex\setspace\setspace.sty"
Package: setspace 2011/12/19 v6.7a set line spacing
)
("D:\Programas\MiKTeX 2.8\tex\latex\psnfss\mathptmx.sty"
Package: mathptmx 2005/04/12 PSNFSS-v9.2a Times w/ Math, improved (SPQR, WaS) 
LaTeX Font Info:    Redeclaring symbol font `operators' on input line 28.
LaTeX Font Info:    Overwriting symbol font `operators' in version `normal'
(Font)                  OT1/cmr/m/n --> OT1/ztmcm/m/n on input line 28.
LaTeX Font Info:    Overwriting symbol font `operators' in version `bold'
(Font)                  OT1/cmr/bx/n --> OT1/ztmcm/m/n on input line 28.
LaTeX Font Info:    Redeclaring symbol font `letters' on input line 29.
LaTeX Font Info:    Overwriting symbol font `letters' in version `normal'
(Font)                  OML/cmm/m/it --> OML/ztmcm/m/it on input line 29.
LaTeX Font Info:    Overwriting symbol font `letters' in version `bold'
(Font)                  OML/cmm/b/it --> OML/ztmcm/m/it on input line 29.
LaTeX Font Info:    Redeclaring symbol font `symbols' on input line 30.
LaTeX Font Info:    Overwriting symbol font `symbols' in version `normal'
(Font)                  OMS/cmsy/m/n --> OMS/ztmcm/m/n on input line 30.
LaTeX Font Info:    Overwriting symbol font `symbols' in version `bold'
(Font)                  OMS/cmsy/b/n --> OMS/ztmcm/m/n on input line 30.
LaTeX Font Info:    Redeclaring symbol font `largesymbols' on input line 31.
LaTeX Font Info:    Overwriting symbol font `largesymbols' in version `normal'
(Font)                  OMX/cmex/m/n --> OMX/ztmcm/m/n on input line 31.
LaTeX Font Info:    Overwriting symbol font `largesymbols' in version `bold'
(Font)                  OMX/cmex/m/n --> OMX/ztmcm/m/n on input line 31.
\symbold=\mathgroup4
\symitalic=\mathgroup5
LaTeX Font Info:    Redeclaring math alphabet \mathbf on input line 34.
LaTeX Font Info:    Overwriting math alphabet `\mathbf' in version `normal'
(Font)                  OT1/cmr/bx/n --> OT1/ptm/bx/n on input line 34.
LaTeX Font Info:    Overwriting math alphabet `\mathbf' in version `bold'
(Font)                  OT1/cmr/bx/n --> OT1/ptm/bx/n on input line 34.
LaTeX Font Info:    Redeclaring math alphabet \mathit on input line 35.
LaTeX Font Info:    Overwriting math alphabet `\mathit' in version `normal'
(Font)                  OT1/cmr/m/it --> OT1/ptm/m/it on input line 35.
LaTeX Font Info:    Overwriting math alphabet `\mathit' in version `bold'
(Font)                  OT1/cmr/bx/it --> OT1/ptm/m/it on input line 35.
LaTeX Info: Redefining \hbar on input line 50.
) ("D:\Programas\MiKTeX 2.8\tex\latex\psnfss\helvet.sty"
Package: helvet 2005/04/12 PSNFSS-v9.2a (WaS) 

("D:\Programas\MiKTeX 2.8\tex\latex\graphics\keyval.sty"
Package: keyval 1999/03/16 v1.13 key=value parser (DPC)
\KV@toks@=\toks14
)) ("D:\Programas\MiKTeX 2.8\tex\latex\tools\indentfirst.sty"
Package: indentfirst 1995/11/23 v1.03 Indent first paragraph (DPC)
))
(D:\TCC\TCC-Latex\TCStyle.sty ("D:\Programas\MiKTeX 2.8\tex\latex\base\inputenc.sty"
Package: inputenc 2008/03/30 v1.1d Input encoding file
\inpenc@prehook=\toks15
\inpenc@posthook=\toks16

("D:\Programas\MiKTeX 2.8\tex\latex\base\latin1.def"
File: latin1.def 2008/03/30 v1.1d Input encoding file
)) ("D:\Programas\MiKTeX 2.8\tex\generic\babel\babel.sty"
Package: babel 2008/07/08 v3.8m The Babel package

*************************************
* Local config file bblopts.cfg used
*
("D:\Programas\MiKTeX 2.8\tex\latex\00miktex\bblopts.cfg"
File: bblopts.cfg 2006/07/31 v1.0 MiKTeX 'babel' configuration
) ("D:\Programas\MiKTeX 2.8\tex\generic\babel\portuges.ldf"
Language: portuges 2008/03/18 v1.2q Portuguese support from the babel system

("D:\Programas\MiKTeX 2.8\tex\generic\babel\babel.def"
File: babel.def 2008/07/08 v3.8m Babel common definitions
\babel@savecnt=\count100
\U@D=\dimen113
)
\l@brazil = a dialect from \language\l@portuges 
Package babel Info: Making " an active character on input line 145.
)) ("D:\Programas\MiKTeX 2.8\tex\latex\base\fontenc.sty"
Package: fontenc 2005/09/27 v1.99g Standard LaTeX package

("D:\Programas\MiKTeX 2.8\tex\latex\base\t1enc.def"
File: t1enc.def 2005/09/27 v1.99g Standard LaTeX file
LaTeX Font Info:    Redeclaring font encoding T1 on input line 43.
)) ("D:\Programas\MiKTeX 2.8\tex\latex\ams\math\amsmath.sty"
Package: amsmath 2000/07/18 v2.13 AMS math features
\@mathmargin=\skip52

For additional information on amsmath, use the `?' option.
("D:\Programas\MiKTeX 2.8\tex\latex\ams\math\amstext.sty"
Package: amstext 2000/06/29 v2.01
 ("D:\Programas\MiKTeX 2.8\tex\latex\ams\math\amsgen.sty"
File: amsgen.sty 1999/11/30 v2.0
\@emptytoks=\toks17
\ex@=\dimen114
))
("D:\Programas\MiKTeX 2.8\tex\latex\ams\math\amsbsy.sty"
Package: amsbsy 1999/11/29 v1.2d
\pmbraise@=\dimen115
) ("D:\Programas\MiKTeX 2.8\tex\latex\ams\math\amsopn.sty"
Package: amsopn 1999/12/14 v2.01 operator names
)
\inf@bad=\count101
LaTeX Info: Redefining \frac on input line 211.
\uproot@=\count102
\leftroot@=\count103
LaTeX Info: Redefining \overline on input line 307.
\classnum@=\count104
\DOTSCASE@=\count105
LaTeX Info: Redefining \ldots on input line 379.
LaTeX Info: Redefining \dots on input line 382.
LaTeX Info: Redefining \cdots on input line 467.
\Mathstrutbox@=\box52
\strutbox@=\box53
\big@size=\dimen116
LaTeX Font Info:    Redeclaring font encoding OML on input line 567.
LaTeX Font Info:    Redeclaring font encoding OMS on input line 568.
\macc@depth=\count106
\c@MaxMatrixCols=\count107
\dotsspace@=\muskip10
\c@parentequation=\count108
\dspbrk@lvl=\count109
\tag@help=\toks18
\row@=\count110
\column@=\count111
\maxfields@=\count112
\andhelp@=\toks19
\eqnshift@=\dimen117
\alignsep@=\dimen118
\tagshift@=\dimen119
\tagwidth@=\dimen120
\totwidth@=\dimen121
\lineht@=\dimen122
\@envbody=\toks20
\multlinegap=\skip53
\multlinetaggap=\skip54
\mathdisplay@stack=\toks21
LaTeX Info: Redefining \[ on input line 2666.
LaTeX Info: Redefining \] on input line 2667.
)
("D:\Programas\MiKTeX 2.8\tex\latex\mathdesign\mathdesign.sty"
Package: mathdesign 2006/01/29 v1.55 Math Design Project

("D:\Programas\MiKTeX 2.8\tex\latex\mathdesign\mdput\mdput.cfg")
("D:\Programas\MiKTeX 2.8\tex\latex\mathdesign\mdput\mdput.sty"
Package: mdput 2006/01/29 v1.55 adobe utopia + mdput (Math Design Project)
 ("D:\Programas\MiKTeX 2.8\tex\latex\mathdesign\mdfont.def"
File: mdfont.def 2006/01/29 v1.55 (Math Design Project)
) ("D:\Programas\MiKTeX 2.8\tex\latex\mathdesign\mdsffont.def"
File: mdsffont.def 2006/01/29 v1.55 (Math Design Project)
)
("D:\Programas\MiKTeX 2.8\tex\latex\mathdesign\mdttfont.def"
File: mdttfont.def 2006/01/29 v1.55 (Math Design Project)
)
\symmdcal=\mathgroup6
LaTeX Font Info:    Overwriting symbol font `mdcal' in version `bold'
(Font)                  OMS/mdput/m/n --> OMS/mdput/b/n on input line 89.
\symmdscr=\mathgroup7
LaTeX Font Info:    Overwriting symbol font `mdscr' in version `bold'
(Font)                  OMS/mdput/m/n --> OMS/mdput/b/n on input line 95.
LaTeX Font Info:    Overwriting math alphabet `\mathfrak' in version `bold'
(Font)                  U/xmdeuf/m/n --> U/xmdeuf/b/n on input line 102.
LaTeX Font Info:    Try loading font information for T1+mdput on input line 111.

("D:\Programas\MiKTeX 2.8\tex\latex\mathdesign\mdput\t1mdput.fd"
File: t1mdput.fd 2006/01/29 Fontinst v1.928 font definitions for T1/mdput.
)
LaTeX Font Info:    Font shape `T1/mdput/m/n' will be
(Font)              scaled to size 11.03998pt on input line 111.
LaTeX Font Info:    Overwriting symbol font `operators' in version `normal'
(Font)                  OT1/ztmcm/m/n --> OT1/mdput/m/n on input line 114.
LaTeX Font Info:    Overwriting symbol font `letters' in version `normal'
(Font)                  OML/ztmcm/m/it --> OML/mdput/m/it on input line 115.
LaTeX Font Info:    Overwriting symbol font `symbols' in version `normal'
(Font)                  OMS/ztmcm/m/n --> OMS/mdput/m/n on input line 116.
LaTeX Font Info:    Overwriting symbol font `largesymbols' in version `normal'
(Font)                  OMX/ztmcm/m/n --> OMX/mdput/m/n on input line 117.
LaTeX Font Info:    Overwriting symbol font `operators' in version `bold'
(Font)                  OT1/ztmcm/m/n --> OT1/mdput/b/n on input line 119.
LaTeX Font Info:    Overwriting symbol font `letters' in version `bold'
(Font)                  OML/ztmcm/m/it --> OML/mdput/b/it on input line 120.
LaTeX Font Info:    Overwriting symbol font `symbols' in version `bold'
(Font)                  OMS/ztmcm/m/n --> OMS/mdput/b/n on input line 121.
LaTeX Font Info:    Overwriting symbol font `largesymbols' in version `bold'
(Font)                  OMX/ztmcm/m/n --> OMX/mdput/b/n on input line 122.
LaTeX Font Info:    Overwriting math alphabet `\mathrm' in version `normal'
(Font)                  OT1/mdput/m/n --> T1/mdput/m/n on input line 124.
LaTeX Font Info:    Overwriting math alphabet `\mathbf' in version `normal'
(Font)                  OT1/ptm/bx/n --> T1/mdput/b/n on input line 125.
LaTeX Font Info:    Overwriting math alphabet `\mathit' in version `normal'
(Font)                  OT1/ptm/m/it --> T1/mdput/m/it on input line 126.
LaTeX Font Info:    Overwriting math alphabet `\mathsf' in version `normal'
(Font)                  OT1/cmss/m/n --> T1/phv/m/n on input line 127.
LaTeX Font Info:    Overwriting math alphabet `\mathtt' in version `normal'
(Font)                  OT1/cmtt/m/n --> T1/cmtt/m/n on input line 128.
LaTeX Font Info:    Overwriting math alphabet `\mathcal' in version `normal'
(Font)                  OMS/mdput/m/n --> OMS/mdput/m/n on input line 132.
LaTeX Font Info:    Overwriting math alphabet `\mathrm' in version `bold'
(Font)                  OT1/mdput/b/n --> T1/mdput/b/n on input line 137.
LaTeX Font Info:    Overwriting math alphabet `\mathbf' in version `bold'
(Font)                  OT1/ptm/bx/n --> T1/mdput/b/n on input line 138.
LaTeX Font Info:    Overwriting math alphabet `\mathit' in version `bold'
(Font)                  OT1/ptm/m/it --> T1/mdput/b/it on input line 139.
LaTeX Font Info:    Overwriting math alphabet `\mathsf' in version `bold'
(Font)                  OT1/cmss/bx/n --> T1/phv/b/n on input line 140.
LaTeX Font Info:    Overwriting math alphabet `\mathtt' in version `bold'
(Font)                  OT1/cmtt/m/n --> T1/cmtt/b/n on input line 141.
LaTeX Font Info:    Redeclaring math accent \widetilde on input line 153.
LaTeX Font Info:    Redeclaring math accent \widehat on input line 154.
\symlettersupright=\mathgroup8
LaTeX Font Info:    Overwriting symbol font `lettersupright' in version `bold'
(Font)                  OML/mdput/m/n --> OML/mdput/b/n on input line 190.
LaTeX Font Info:    Redeclaring math alphabet \mathrm on input line 193.
\symmathdesignA=\mathgroup9
LaTeX Font Info:    Overwriting symbol font `mathdesignA' in version `bold'
(Font)                  MDA/mdput/m/n --> MDA/mdput/b/n on input line 382.
LaTeX Font Info:    Redeclaring math accent \widetilde on input line 421.
LaTeX Font Info:    Redeclaring math accent \widehat on input line 422.
\symmathdesignB=\mathgroup10
LaTeX Font Info:    Overwriting symbol font `mathdesignB' in version `bold'
(Font)                  MDB/mdput/m/n --> MDB/mdput/b/n on input line 685.
) ("D:\Programas\MiKTeX 2.8\tex\latex\base\fontenc.sty"
Package: fontenc 2005/09/27 v1.99g Standard LaTeX package
("D:\Programas\MiKTeX 2.8\tex\latex\base\t1enc.def"
File: t1enc.def 2005/09/27 v1.99g Standard LaTeX file
LaTeX Font Info:    Redeclaring font encoding T1 on input line 43.
))) ("D:\Programas\MiKTeX 2.8\tex\latex\abntex\abntcite.sty"
("D:\Programas\MiKTeX 2.8\tex\latex\abntex\cvs-id.def")
Package: abntcite 2006/04/25 v1.30 Chamadas de referencias no texto (NBR10520, NBR10522)
\minimumbiblabelwidth=\skip55
\ABCIauxlen=\skip56
\c@ABCIaux=\count113
\c@ABCImax=\count114
 ("D:\Programas\MiKTeX 2.8\tex\latex\abntex\nbr10520-2002.def"
("D:\Programas\MiKTeX 2.8\tex\latex\abntex\cvs-id.def")
File: nbr10520-2002.def 2006/04/25 v1.4 Definicoes para abntcite (NBR10520:2002)
)
\biblabelsep=\skip57
LaTeX Info: Redefining \newblock on input line 466.
LaTeX Info: Redefining \cite on input line 493.
\ABCItoken=\toks22
) ("D:\Programas\MiKTeX 2.8\tex\latex\graphics\graphicx.sty"
Package: graphicx 1999/02/16 v1.0f Enhanced LaTeX Graphics (DPC,SPQR)

("D:\Programas\MiKTeX 2.8\tex\latex\graphics\graphics.sty"
Package: graphics 2009/02/05 v1.0o Standard LaTeX Graphics (DPC,SPQR)
 ("D:\Programas\MiKTeX 2.8\tex\latex\graphics\trig.sty"
Package: trig 1999/03/16 v1.09 sin cos tan (DPC)
)
("D:\Programas\MiKTeX 2.8\tex\latex\00miktex\graphics.cfg"
File: graphics.cfg 2007/01/18 v1.5 graphics configuration of teTeX/TeXLive
)
Package graphics Info: Driver file: pdftex.def on input line 91.
 ("D:\Programas\MiKTeX 2.8\tex\latex\pdftex-def\pdftex.def"
File: pdftex.def 2011/05/27 v0.06d Graphics/color for pdfTeX

("D:\Programas\MiKTeX 2.8\tex\generic\oberdiek\infwarerr.sty"
Package: infwarerr 2010/04/08 v1.3 Providing info/warning/error messages (HO)
) ("D:\Programas\MiKTeX 2.8\tex\generic\oberdiek\ltxcmds.sty"
Package: ltxcmds 2011/11/09 v1.22 LaTeX kernel commands for general use (HO)
)
\Gread@gobject=\count115
))
\Gin@req@height=\dimen123
\Gin@req@width=\dimen124
) ("D:\Programas\MiKTeX 2.8\tex\latex\abntex\tabela-simbolos.sty"
("D:\Programas\MiKTeX 2.8\tex\latex\abntex\cvs-id.def")
Package: tabela-simbolos 2006/09/09 v1.12 Tabela de simbolos e siglas
 ("D:\Programas\MiKTeX 2.8\tex\latex\index\index.sty"
Package: index 2004/01/20 v4.2beta Improved index support (dmj)
\@indexbox=\insert233
\indexproofstyle=\toks23


LaTeX Warning: Command \markboth  has changed.
               Check if current package is valid.


LaTeX Warning: Command \markright  has changed.
               Check if current package is valid.

)
\idxtitle@sigla=\toks24
\tf@sigla=\write4
Package index Info: Writing index file Texto.siglax on input line 119.
\idxtitle@romanlow=\toks25
\tf@romanlow=\write5
Package index Info: Writing index file Texto.romanlowx on input line 137.
\idxtitle@romanupp=\toks26
\tf@romanupp=\write6
Package index Info: Writing index file Texto.romanuppx on input line 137.
\idxtitle@greeklow=\toks27
\tf@greeklow=\write7
Package index Info: Writing index file Texto.greeklowx on input line 137.
\idxtitle@greekupp=\toks28
\tf@greekupp=\write8
Package index Info: Writing index file Texto.greekuppx on input line 137.
\idxtitle@miscelan=\toks29
\tf@miscelan=\write9
Package index Info: Writing index file Texto.miscelanx on input line 137.
\c@Ocorrencia=\count116

Ordem: 1: Romanos 2: Gregos 3: Simbolos
) ("D:\Programas\MiKTeX 2.8\tex\latex\supertabular\supertabular.sty"
Package: supertabular 2004/02/20 v4.1e the supertabular environment
\c@tracingst=\count117
\ST@wd=\dimen125
\ST@rightskip=\skip58
\ST@leftskip=\skip59
\ST@parfillskip=\skip60
\ST@pageleft=\dimen126
\ST@headht=\dimen127
\ST@tailht=\dimen128
\ST@pagesofar=\dimen129
\ST@pboxht=\dimen130
\ST@lineht=\dimen131
\ST@stretchht=\dimen132
\ST@prevht=\dimen133
\ST@toadd=\dimen134
\ST@dimen=\dimen135
\ST@pbox=\box54
)
\capsep=\skip61

("D:\Programas\MiKTeX 2.8\tex\latex\caption\caption.sty"
Package: caption 2012/02/19 v3.2f Customizing captions (AR)
 ("D:\Programas\MiKTeX 2.8\tex\latex\caption\caption3.sty"
Package: caption3 2012/01/12 v1.4b caption3 kernel (AR)
\captionmargin=\dimen136
\captionmargin@=\dimen137
\captionwidth=\dimen138
\caption@indent=\dimen139
\caption@parindent=\dimen140
\caption@hangindent=\dimen141
)
\c@ContinuedFloat=\count118
Package caption Info: supertabular package is loaded.
))
(D:\TCC\TCC-Latex\Texto.aux (D:\TCC\TCC-Latex\Commands.aux) (D:\TCC\TCC-Latex\PreTexto/Capa.aux)
(D:\TCC\TCC-Latex\PreTexto/Folha_de_rosto.aux) (D:\TCC\TCC-Latex\PreTexto/Folha_de_aprovação.aux)
(D:\TCC\TCC-Latex\PreTexto/Dedicatória.aux) (D:\TCC\TCC-Latex\PreTexto/Agradecimentos.aux)
(D:\TCC\TCC-Latex\PreTexto/Epígrafe.aux) (D:\TCC\TCC-Latex\PreTexto/Resumo.aux) (D:\TCC\TCC-Latex\PreTexto/Abstract.aux)
(D:\TCC\TCC-Latex\Capítulos/Introdução/Introdução.aux) (D:\TCC\TCC-Latex\Capítulos/Fundamentação/Fundamentação.aux)
(D:\TCC\TCC-Latex\Capítulos/Reservatorio/Reservatório.aux) (D:\TCC\TCC-Latex\Capítulos/Poço/Poço.aux)
(D:\TCC\TCC-Latex\Capítulos/Acoplamento/Acoplamento.aux) (D:\TCC\TCC-Latex\Capítulos/Resultados/Resultados.aux)
(D:\TCC\TCC-Latex\Capítulos/Conclusões/Conclusões.aux) (D:\TCC\TCC-Latex\Capítulos/Recomendações/Recomendações.aux)
(D:\TCC\TCC-Latex\Capítulos/Apêndice/Apêndice.aux))
LaTeX Font Info:    Checking defaults for OML/cmm/m/it on input line 6.
LaTeX Font Info:    ... okay on input line 6.
LaTeX Font Info:    Checking defaults for T1/cmr/m/n on input line 6.
LaTeX Font Info:    ... okay on input line 6.
LaTeX Font Info:    Checking defaults for OT1/cmr/m/n on input line 6.
LaTeX Font Info:    ... okay on input line 6.
LaTeX Font Info:    Checking defaults for OMS/cmsy/m/n on input line 6.
LaTeX Font Info:    ... okay on input line 6.
LaTeX Font Info:    Checking defaults for OMX/cmex/m/n on input line 6.
LaTeX Font Info:    ... okay on input line 6.
LaTeX Font Info:    Checking defaults for U/cmr/m/n on input line 6.
LaTeX Font Info:    ... okay on input line 6.
LaTeX Font Info:    Checking defaults for MDA/cmr/m/n on input line 6.
LaTeX Font Info:    Try loading font information for MDA+cmr on input line 6.
 ("D:\Programas\MiKTeX 2.8\tex\latex\mathdesign\mdacmr.fd"
File: mdacmr.fd 
)
LaTeX Font Info:    ... okay on input line 6.
LaTeX Font Info:    Checking defaults for MDB/cmr/m/n on input line 6.
LaTeX Font Info:    Try loading font information for MDB+cmr on input line 6.

("D:\Programas\MiKTeX 2.8\tex\latex\mathdesign\mdbcmr.fd"
File: mdbcmr.fd 
)
LaTeX Font Info:    ... okay on input line 6.

(C:\Users\victor\AppData\Roaming\MiKTeX\2.8\tex\context\base\supp-pdf.mkii
[Loading MPS to PDF converter (version 2006.09.02).]
\scratchcounter=\count119
\scratchdimen=\dimen142
\scratchbox=\box55
\nofMPsegments=\count120
\nofMParguments=\count121
\everyMPshowfont=\toks30
\MPscratchCnt=\count122
\MPscratchDim=\dimen143
\MPnumerator=\count123
\makeMPintoPDFobject=\count124
\everyMPtoPDFconversion=\toks31
)

Package tabel-simbolos Warning: package supertabular detected, redefining table commands on input line 6.

Package caption Info: Begin \AtBeginDocument code.
Package caption Info: End \AtBeginDocument code.
(D:\TCC\TCC-Latex\Commands.tex) (D:\TCC\TCC-Latex\PreTexto/Capa.tex
LaTeX Font Info:    Font shape `T1/mdput/m/n' will be
(Font)              scaled to size 13.24796pt on input line 5.
LaTeX Font Info:    Font shape `T1/mdput/bx/n' in size <14.4> not available
(Font)              Font shape `T1/mdput/b/n' tried instead on input line 7.
LaTeX Font Info:    Font shape `T1/mdput/b/n' will be
(Font)              scaled to size 13.24796pt on input line 7.
LaTeX Font Info:    Try loading font information for OT1+mdput on input line 7.

("D:\Programas\MiKTeX 2.8\tex\latex\mathdesign\mdput\ot1mdput.fd"
File: ot1mdput.fd 2006/01/29 Fontinst v1.928 font definitions for OT1/mdput.
)
LaTeX Font Info:    Font shape `OT1/mdput/m/n' will be
(Font)              scaled to size 13.24796pt on input line 7.
LaTeX Font Info:    Font shape `OT1/mdput/m/n' will be
(Font)              scaled to size 10.07397pt on input line 7.
LaTeX Font Info:    Font shape `OT1/mdput/m/n' will be
(Font)              scaled to size 7.35999pt on input line 7.
LaTeX Font Info:    Try loading font information for OML+mdput on input line 7.

("D:\Programas\MiKTeX 2.8\tex\latex\mathdesign\mdput\omlmdput.fd"
File: omlmdput.fd 2006/01/29 Fontinst v1.928 font definitions for OML/mdput.
)
LaTeX Font Info:    Font shape `OML/mdput/m/it' will be
(Font)              scaled to size 13.24796pt on input line 7.
LaTeX Font Info:    Font shape `OML/mdput/m/it' will be
(Font)              scaled to size 10.07397pt on input line 7.
LaTeX Font Info:    Font shape `OML/mdput/m/it' will be
(Font)              scaled to size 7.35999pt on input line 7.
LaTeX Font Info:    Try loading font information for OMS+mdput on input line 7.

("D:\Programas\MiKTeX 2.8\tex\latex\mathdesign\mdput\omsmdput.fd"
File: omsmdput.fd 2006/01/29 Fontinst v1.928 font definitions for OMS/mdput.
)
LaTeX Font Info:    Font shape `OMS/mdput/m/n' will be
(Font)              scaled to size 13.24796pt on input line 7.
LaTeX Font Info:    Font shape `OMS/mdput/m/n' will be
(Font)              scaled to size 10.07397pt on input line 7.
LaTeX Font Info:    Font shape `OMS/mdput/m/n' will be
(Font)              scaled to size 7.35999pt on input line 7.
LaTeX Font Info:    Try loading font information for OMX+mdput on input line 7.

("D:\Programas\MiKTeX 2.8\tex\latex\mathdesign\mdput\omxmdput.fd"
File: omxmdput.fd 2006/01/29 Fontinst v1.928 font definitions for OMX/mdput.
)
LaTeX Font Info:    Font shape `OMX/mdput/m/n' will be
(Font)              scaled to size 13.24796pt on input line 7.
LaTeX Font Info:    Font shape `OMX/mdput/m/n' will be
(Font)              scaled to size 10.07397pt on input line 7.
LaTeX Font Info:    Font shape `OMX/mdput/m/n' will be
(Font)              scaled to size 7.35999pt on input line 7.
LaTeX Font Info:    Try loading font information for OT1+ptm on input line 7.
 ("D:\Programas\MiKTeX 2.8\tex\latex\psnfss\ot1ptm.fd"
File: ot1ptm.fd 2001/06/04 font definitions for OT1/ptm.
)
LaTeX Font Info:    Font shape `OT1/ptm/bx/n' in size <14.4> not available
(Font)              Font shape `OT1/ptm/b/n' tried instead on input line 7.
LaTeX Font Info:    Font shape `OT1/ptm/bx/n' in size <10.95> not available
(Font)              Font shape `OT1/ptm/b/n' tried instead on input line 7.
LaTeX Font Info:    Font shape `OT1/ptm/bx/n' in size <8> not available
(Font)              Font shape `OT1/ptm/b/n' tried instead on input line 7.
LaTeX Font Info:    Font shape `OML/mdput/m/n' will be
(Font)              scaled to size 13.24796pt on input line 7.
LaTeX Font Info:    Font shape `OML/mdput/m/n' will be
(Font)              scaled to size 10.07397pt on input line 7.
LaTeX Font Info:    Font shape `OML/mdput/m/n' will be
(Font)              scaled to size 7.35999pt on input line 7.
LaTeX Font Info:    Try loading font information for MDA+mdput on input line 7.
 ("D:\Programas\MiKTeX 2.8\tex\latex\mathdesign\mdput\mdamdput.fd"
File: mdamdput.fd 2006/01/29 Fontinst v1.928 font definitions for MDA/mdput.
)
LaTeX Font Info:    Font shape `MDA/mdput/m/n' will be
(Font)              scaled to size 13.24796pt on input line 7.
LaTeX Font Info:    Font shape `MDA/mdput/m/n' will be
(Font)              scaled to size 10.07397pt on input line 7.
LaTeX Font Info:    Font shape `MDA/mdput/m/n' will be
(Font)              scaled to size 7.35999pt on input line 7.
LaTeX Font Info:    Try loading font information for MDB+mdput on input line 7.

("D:\Programas\MiKTeX 2.8\tex\latex\mathdesign\mdput\mdbmdput.fd"
File: mdbmdput.fd 2006/01/29 Fontinst v1.928 font definitions for MDB/mdput.
)
LaTeX Font Info:    Font shape `MDB/mdput/m/n' will be
(Font)              scaled to size 13.24796pt on input line 7.
LaTeX Font Info:    Font shape `MDB/mdput/m/n' will be
(Font)              scaled to size 10.07397pt on input line 7.
LaTeX Font Info:    Font shape `MDB/mdput/m/n' will be
(Font)              scaled to size 7.35999pt on input line 7.
LaTeX Font Info:    Font shape `T1/mdput/m/fsc' will be
(Font)              scaled to size 13.24796pt on input line 11.
LaTeX Font Info:    Font shape `T1/mdput/m/n' will be
(Font)              scaled to size 15.89755pt on input line 12.
LaTeX Font Info:    Font shape `T1/mdput/bx/n' in size <17.28> not available
(Font)              Font shape `T1/mdput/b/n' tried instead on input line 12.
LaTeX Font Info:    Font shape `T1/mdput/b/n' will be
(Font)              scaled to size 15.89755pt on input line 12.
LaTeX Font Info:    Font shape `T1/mdput/bx/fsc' in size <17.28> not available
(Font)              Font shape `T1/mdput/b/fsc' tried instead on input line 12.
LaTeX Font Info:    Font shape `T1/mdput/b/fsc' will be
(Font)              scaled to size 15.89755pt on input line 12.
LaTeX Font Info:    Font shape `OT1/mdput/m/n' will be
(Font)              scaled to size 11.03998pt on input line 12.
LaTeX Font Info:    Font shape `OT1/mdput/m/n' will be
(Font)              scaled to size 8.27998pt on input line 12.
LaTeX Font Info:    Font shape `OT1/mdput/m/n' will be
(Font)              scaled to size 6.43999pt on input line 12.
LaTeX Font Info:    Font shape `OML/mdput/m/it' will be
(Font)              scaled to size 11.03998pt on input line 12.
LaTeX Font Info:    Font shape `OML/mdput/m/it' will be
(Font)              scaled to size 8.27998pt on input line 12.
LaTeX Font Info:    Font shape `OML/mdput/m/it' will be
(Font)              scaled to size 6.43999pt on input line 12.
LaTeX Font Info:    Font shape `OMS/mdput/m/n' will be
(Font)              scaled to size 11.03998pt on input line 12.
LaTeX Font Info:    Font shape `OMS/mdput/m/n' will be
(Font)              scaled to size 8.27998pt on input line 12.
LaTeX Font Info:    Font shape `OMS/mdput/m/n' will be
(Font)              scaled to size 6.43999pt on input line 12.
LaTeX Font Info:    Font shape `OMX/mdput/m/n' will be
(Font)              scaled to size 11.03998pt on input line 12.
LaTeX Font Info:    Font shape `OMX/mdput/m/n' will be
(Font)              scaled to size 8.27998pt on input line 12.
LaTeX Font Info:    Font shape `OMX/mdput/m/n' will be
(Font)              scaled to size 6.43999pt on input line 12.
LaTeX Font Info:    Font shape `OT1/ptm/bx/n' in size <12> not available
(Font)              Font shape `OT1/ptm/b/n' tried instead on input line 12.
LaTeX Font Info:    Font shape `OT1/ptm/bx/n' in size <9> not available
(Font)              Font shape `OT1/ptm/b/n' tried instead on input line 12.
LaTeX Font Info:    Font shape `OT1/ptm/bx/n' in size <7> not available
(Font)              Font shape `OT1/ptm/b/n' tried instead on input line 12.
LaTeX Font Info:    Font shape `OML/mdput/m/n' will be
(Font)              scaled to size 11.03998pt on input line 12.
LaTeX Font Info:    Font shape `OML/mdput/m/n' will be
(Font)              scaled to size 8.27998pt on input line 12.
LaTeX Font Info:    Font shape `OML/mdput/m/n' will be
(Font)              scaled to size 6.43999pt on input line 12.
LaTeX Font Info:    Font shape `MDA/mdput/m/n' will be
(Font)              scaled to size 11.03998pt on input line 12.
LaTeX Font Info:    Font shape `MDA/mdput/m/n' will be
(Font)              scaled to size 8.27998pt on input line 12.
LaTeX Font Info:    Font shape `MDA/mdput/m/n' will be
(Font)              scaled to size 6.43999pt on input line 12.
LaTeX Font Info:    Font shape `MDB/mdput/m/n' will be
(Font)              scaled to size 11.03998pt on input line 12.
LaTeX Font Info:    Font shape `MDB/mdput/m/n' will be
(Font)              scaled to size 8.27998pt on input line 12.
LaTeX Font Info:    Font shape `MDB/mdput/m/n' will be
(Font)              scaled to size 6.43999pt on input line 12.
 [1




{C:/Users/victor/AppData/Local/MiKTeX/2.8/pdftex/config/pdftex.map}]) (D:\TCC\TCC-Latex\PreTexto/Folha_de_rosto.tex
Underfull \hbox (badness 2269) in paragraph at lines 15--16
\T1/mdput/m/n/12 em En-ge-nha-ria Me-câ-nica da Uni-ver-si-dade
 []


Underfull \hbox (badness 1077) in paragraph at lines 15--16
\T1/mdput/m/n/12 Fe-de-ral de Santa Ca-ta-rina como parte dos
 []


Underfull \hbox (badness 10000) in paragraph at lines 15--16

 []


Underfull \hbox (badness 1540) in paragraph at lines 15--16
\T1/mdput/m/n/12 Orientador: Prof. Antô-nio Fá-bio de Car-
 []

[1



]) (D:\TCC\TCC-Latex\PreTexto/Folha_de_aprovação.tex
LaTeX Font Info:    Font shape `T1/mdput/bx/n' in size <12> not available
(Font)              Font shape `T1/mdput/b/n' tried instead on input line 25.
LaTeX Font Info:    Font shape `T1/mdput/b/n' will be
(Font)              scaled to size 11.03998pt on input line 25.

Overfull \hbox (23.99997pt too wide) in paragraph at lines 30--34
 []
 []

[2




]) (D:\TCC\TCC-Latex\PreTexto/Dedicatória.tex [3




]) (D:\TCC\TCC-Latex\PreTexto/Agradecimentos.tex [4




])
(D:\TCC\TCC-Latex\PreTexto/Epígrafe.tex [5



]) (D:\TCC\TCC-Latex\PreTexto/Resumo.tex [6





])
(D:\TCC\TCC-Latex\PreTexto/Abstract.tex [7




]) (D:\TCC\TCC-Latex\Texto.lof)
\tf@lof=\write10
 [8


] (D:\TCC\TCC-Latex\Texto.lot)
\tf@lot=\write11
 [9

]
LaTeX Font Info:    Font shape `T1/mdput/m/it' will be
(Font)              scaled to size 11.03998pt on input line 19.
LaTeX Font Info:    Font shape `T1/mdput/m/it' will be
(Font)              scaled to size 13.24796pt on input line 19.

(D:\TCC\TCC-Latex\Texto.romanlow
LaTeX Font Info:    Font shape `T1/mdput/m/n' will be
(Font)              scaled to size 8.27998pt on input line 1.
LaTeX Font Info:    Font shape `T1/mdput/m/n' will be
(Font)              scaled to size 6.43999pt on input line 1.
) (D:\TCC\TCC-Latex\Texto.romanupp) (D:\TCC\TCC-Latex\Texto.greeklow)
(D:\TCC\TCC-Latex\Texto.greekupp) (D:\TCC\TCC-Latex\Texto.miscelan) [10

] (D:\TCC\TCC-Latex\Texto.sigla) [11

]
(D:\TCC\TCC-Latex\Texto.toc [12

]
LaTeX Font Info:    Font shape `OT1/mdput/b/n' will be
(Font)              scaled to size 11.03998pt on input line 30.
LaTeX Font Info:    Font shape `OT1/mdput/b/n' will be
(Font)              scaled to size 8.27998pt on input line 30.
LaTeX Font Info:    Font shape `OT1/mdput/b/n' will be
(Font)              scaled to size 6.43999pt on input line 30.
LaTeX Font Info:    Font shape `OML/mdput/b/it' will be
(Font)              scaled to size 11.03998pt on input line 30.
LaTeX Font Info:    Font shape `OML/mdput/b/it' will be
(Font)              scaled to size 8.27998pt on input line 30.
LaTeX Font Info:    Font shape `OML/mdput/b/it' will be
(Font)              scaled to size 6.43999pt on input line 30.
LaTeX Font Info:    Font shape `OMS/mdput/b/n' will be
(Font)              scaled to size 11.03998pt on input line 30.
LaTeX Font Info:    Font shape `OMS/mdput/b/n' will be
(Font)              scaled to size 8.27998pt on input line 30.
LaTeX Font Info:    Font shape `OMS/mdput/b/n' will be
(Font)              scaled to size 6.43999pt on input line 30.
LaTeX Font Info:    Font shape `OMX/mdput/b/n' will be
(Font)              scaled to size 11.03998pt on input line 30.
LaTeX Font Info:    Font shape `OMX/mdput/b/n' will be
(Font)              scaled to size 8.27998pt on input line 30.
LaTeX Font Info:    Font shape `OMX/mdput/b/n' will be
(Font)              scaled to size 6.43999pt on input line 30.
LaTeX Font Info:    Font shape `OML/mdput/b/n' will be
(Font)              scaled to size 11.03998pt on input line 30.
LaTeX Font Info:    Font shape `OML/mdput/b/n' will be
(Font)              scaled to size 8.27998pt on input line 30.
LaTeX Font Info:    Font shape `OML/mdput/b/n' will be
(Font)              scaled to size 6.43999pt on input line 30.
LaTeX Font Info:    Font shape `MDA/mdput/b/n' will be
(Font)              scaled to size 11.03998pt on input line 30.
LaTeX Font Info:    Font shape `MDA/mdput/b/n' will be
(Font)              scaled to size 8.27998pt on input line 30.
LaTeX Font Info:    Font shape `MDA/mdput/b/n' will be
(Font)              scaled to size 6.43999pt on input line 30.
LaTeX Font Info:    Font shape `MDB/mdput/b/n' will be
(Font)              scaled to size 11.03998pt on input line 30.
LaTeX Font Info:    Font shape `MDB/mdput/b/n' will be
(Font)              scaled to size 8.27998pt on input line 30.
LaTeX Font Info:    Font shape `MDB/mdput/b/n' will be
(Font)              scaled to size 6.43999pt on input line 30.
)
\tf@toc=\write12
 [13] (D:\TCC\TCC-Latex\Capítulos/Introdução/Introdução.tex
Cap\'{\i }tulo 1.
LaTeX Font Info:    Font shape `T1/mdput/bx/fsc' in size <12> not available
(Font)              Font shape `T1/mdput/b/fsc' tried instead on input line 22.
LaTeX Font Info:    Font shape `T1/mdput/b/fsc' will be
(Font)              scaled to size 11.03998pt on input line 22.
)
LaTeX Font Info:    Font shape `T1/mdput/m/n' will be
(Font)              scaled to size 10.07397pt on input line 24.
 [14



] (D:\TCC\TCC-Latex\Capítulos/Fundamentação/Fundamentação.tex
Cap\'{\i }tulo 2.
LaTeX Font Info:    Font shape `T1/mdput/bx/fsc' in size <14.4> not available
(Font)              Font shape `T1/mdput/b/fsc' tried instead on input line 17.
LaTeX Font Info:    Font shape `T1/mdput/b/fsc' will be
(Font)              scaled to size 13.24796pt on input line 17.
[15



]
Overfull \hbox (1.84193pt too wide) in paragraph at lines 41--42
[]\T1/mdput/m/n/12 -Apresentar sub-se-ções com con-cei-tos im-por-tan-tes? Como po-ro-si-dade, per-me-a-bi-li-dade... 
 []

[16]) [17] (D:\TCC\TCC-Latex\Capítulos/Reservatorio/Reservatório.tex
Cap\'{\i }tulo 3.

LaTeX Warning: Citation `YoshiokaMay2007' on page 18 undefined on input line 13.

[18



]
Overfull \hbox (2.86815pt too wide) in paragraph at lines 53--54
[]\T1/mdput/m/n/12 -Falar do mo-delo semi-eurístico, por-que esse nome? O que sig-ni-fica cada termo? Quando
 []

[19]
Overfull \hbox (1.63234pt too wide) in paragraph at lines 87--88
[]\T1/mdput/m/n/12 Deduzir a equa-ção da con-ser-va-ção da ener-gia me-câ-nica, ex-pli-car fi-si-ca-mente cada termo 
 []

[20]) [21] (D:\TCC\TCC-Latex\Capítulos/Poço/Poço.tex
Cap\'{\i }tulo 4.
[22



]) [23] (D:\TCC\TCC-Latex\Capítulos/Acoplamento/Acoplamento.tex
Cap\'{\i }tulo 5.
) [24



] (D:\TCC\TCC-Latex\Capítulos/Resultados/Resultados.tex
Cap\'{\i }tulo 6.
) [25



] (D:\TCC\TCC-Latex\Capítulos/Conclusões/Conclusões.tex
Cap\'{\i }tulo 7.
) [26



] (D:\TCC\TCC-Latex\Capítulos/Recomendações/Recomendações.tex
Cap\'{\i }tulo 8.
) [27



] (D:\TCC\TCC-Latex\Capítulos/Apêndice/Apêndice.tex
LaTeX Font Info:    Font shape `T1/mdput/bx/n' in size <20.74> not available
(Font)              Font shape `T1/mdput/b/n' tried instead on input line 2.
LaTeX Font Info:    Font shape `T1/mdput/b/n' will be
(Font)              scaled to size 19.08076pt on input line 2.
LaTeX Font Info:    Font shape `OT1/mdput/b/n' will be
(Font)              scaled to size 19.08076pt on input line 2.
LaTeX Font Info:    Font shape `OT1/mdput/b/n' will be
(Font)              scaled to size 13.24796pt on input line 2.
LaTeX Font Info:    Font shape `OML/mdput/b/it' will be
(Font)              scaled to size 19.08076pt on input line 2.
LaTeX Font Info:    Font shape `OML/mdput/b/it' will be
(Font)              scaled to size 13.24796pt on input line 2.
LaTeX Font Info:    Font shape `OMS/mdput/b/n' will be
(Font)              scaled to size 19.08076pt on input line 2.
LaTeX Font Info:    Font shape `OMS/mdput/b/n' will be
(Font)              scaled to size 13.24796pt on input line 2.
LaTeX Font Info:    Font shape `OMX/mdput/b/n' will be
(Font)              scaled to size 19.08076pt on input line 2.
LaTeX Font Info:    Font shape `OMX/mdput/b/n' will be
(Font)              scaled to size 13.24796pt on input line 2.
LaTeX Font Info:    Font shape `OT1/ptm/bx/n' in size <20.74> not available
(Font)              Font shape `OT1/ptm/b/n' tried instead on input line 2.
LaTeX Font Info:    Font shape `OML/mdput/b/n' will be
(Font)              scaled to size 19.08076pt on input line 2.
LaTeX Font Info:    Font shape `OML/mdput/b/n' will be
(Font)              scaled to size 13.24796pt on input line 2.
LaTeX Font Info:    Font shape `MDA/mdput/b/n' will be
(Font)              scaled to size 19.08076pt on input line 2.
LaTeX Font Info:    Font shape `MDA/mdput/b/n' will be
(Font)              scaled to size 13.24796pt on input line 2.
LaTeX Font Info:    Font shape `MDB/mdput/b/n' will be
(Font)              scaled to size 19.08076pt on input line 2.
LaTeX Font Info:    Font shape `MDB/mdput/b/n' will be
(Font)              scaled to size 13.24796pt on input line 2.

Apendice A.
[28



]
Apendice B.
[29

]
Apendice C.
) [30

] (D:\TCC\TCC-Latex\Texto.bbl
Underfull \hbox (badness 1009) in paragraph at lines 10--14
[]\T1/mdput/m/n/12 FAGHRI, Y. Z. A. \T1/mdput/m/it/12 Trans-port Phe-no-mena in Mul-tiphase Sys-tems\T1/mdput/m/n/12 . 
 []

)
+-------------------------------------------------------------------+
| Comentario, sugestao ou critica sobre o abnTeX? Entre em contato: |
|                  http://abntex.codigolivre.org.br                 |
+-------------------------------------------------------------------+
########################################################################
tabela-simbolos: agora rode geratss (linux) ou manualmente,
makeindex -s tabela-siglas.ist -o Texto.sigla Texto.siglax
makeindex -s tabela-simbolos.ist -o Texto.romanlow Texto.romanlowx
makeindex -s tabela-simbolos.ist -o Texto.romanupp Texto.romanuppx
makeindex -s tabela-simbolos.ist -o Texto.greeklow Texto.greeklowx
makeindex -s tabela-simbolos.ist -o Texto.greekupp Texto.greekuppx
makeindex -s tabela-simbolos.ist -o Texto.miscelan Texto.miscelanx
makeindex -s tabela-simbolos.ist -o Texto.symbols Texto.symbolsx
########################################################################
[31


] (D:\TCC\TCC-Latex\Texto.aux (D:\TCC\TCC-Latex\Commands.aux) (D:\TCC\TCC-Latex\PreTexto/Capa.aux)
(D:\TCC\TCC-Latex\PreTexto/Folha_de_rosto.aux) (D:\TCC\TCC-Latex\PreTexto/Folha_de_aprovação.aux)
(D:\TCC\TCC-Latex\PreTexto/Dedicatória.aux) (D:\TCC\TCC-Latex\PreTexto/Agradecimentos.aux)
(D:\TCC\TCC-Latex\PreTexto/Epígrafe.aux) (D:\TCC\TCC-Latex\PreTexto/Resumo.aux) (D:\TCC\TCC-Latex\PreTexto/Abstract.aux)
(D:\TCC\TCC-Latex\Capítulos/Introdução/Introdução.aux) (D:\TCC\TCC-Latex\Capítulos/Fundamentação/Fundamentação.aux)
(D:\TCC\TCC-Latex\Capítulos/Reservatorio/Reservatório.aux) (D:\TCC\TCC-Latex\Capítulos/Poço/Poço.aux)
(D:\TCC\TCC-Latex\Capítulos/Acoplamento/Acoplamento.aux) (D:\TCC\TCC-Latex\Capítulos/Resultados/Resultados.aux)
(D:\TCC\TCC-Latex\Capítulos/Conclusões/Conclusões.aux) (D:\TCC\TCC-Latex\Capítulos/Recomendações/Recomendações.aux)
(D:\TCC\TCC-Latex\Capítulos/Apêndice/Apêndice.aux))

LaTeX Warning: There were undefined references.

 ) 
Here is how much of TeX's memory you used:
 6063 strings out of 495257
 91415 string characters out of 3180159
 139261 words of memory out of 3000000
 8904 multiletter control sequences out of 15000+200000
 205816 words of font info for 157 fonts, out of 3000000 for 9000
 16 hyphenation exceptions out of 8191
 43i,13n,41p,618b,303s stack positions out of 5000i,500n,10000p,200000b,50000s
{D:/Programas/MiKTeX 2.8/fonts/enc/dvips/fontname/texnansi.enc}<D:/Programas/MiKTeX 2.8/fonts/type1/mathdesign/mdput/m
d-utr7t.pfb><D:/Programas/MiKTeX 2.8/fonts/type1/mathdesign/mdput/md-utr7v.pfb><D:/Programas/MiKTeX 2.8/fonts/type1/math
design/mdput/md-utr7y.pfb><D:/Programas/MiKTeX 2.8/fonts/type1/mathdesign/mdput/md-utr8t.pfb><D:/Programas/MiKTeX 2.8/fo
nts/type1/mathdesign/mdput/md-utri7m.pfb><D:/Programas/MiKTeX 2.8/fonts/type1/adobe/utopia/putb8a.pfb><D:/Programas/MiKT
eX 2.8/fonts/type1/adobe/utopia/putr8a.pfb><D:/Programas/MiKTeX 2.8/fonts/type1/adobe/utopia/putri8a.pfb>
Output written on Texto.pdf (32 pages, 109284 bytes).
PDF statistics:
 138 PDF objects out of 1000 (max. 8388607)
 0 named destinations out of 1000 (max. 500000)
 1 words of extra memory for PDF output out of 10000 (max. 10000000)

